c:\users\530\desktop\school_work\studio_project_3\gr-framework\nyp_framework\base\debug\vc120.pdb
c:\users\530\desktop\school_work\studio_project_3\gr-framework\nyp_framework\base\debug\vc120.idb
c:\users\530\desktop\school_work\studio_project_3\gr-framework\nyp_framework\base\debug\irrklang.obj
c:\users\530\desktop\school_work\studio_project_3\gr-framework\nyp_framework\base\debug\application.obj
c:\users\530\desktop\school_work\studio_project_3\gr-framework\nyp_framework\base\debug\collisionmanager.obj
c:\users\530\desktop\school_work\studio_project_3\gr-framework\nyp_framework\base\debug\entitymanager.obj
c:\users\530\desktop\school_work\studio_project_3\gr-framework\nyp_framework\base\debug\fpscamera.obj
c:\users\530\desktop\school_work\studio_project_3\gr-framework\nyp_framework\base\debug\genericentity.obj
c:\users\530\desktop\school_work\studio_project_3\gr-framework\nyp_framework\base\debug\groundentity.obj
c:\users\530\desktop\school_work\studio_project_3\gr-framework\nyp_framework\base\debug\controller.obj
c:\users\530\desktop\school_work\studio_project_3\gr-framework\nyp_framework\base\debug\keyboard.obj
c:\users\530\desktop\school_work\studio_project_3\gr-framework\nyp_framework\base\debug\mouse.obj
c:\users\530\desktop\school_work\studio_project_3\gr-framework\nyp_framework\base\debug\light.obj
c:\users\530\desktop\school_work\studio_project_3\gr-framework\nyp_framework\base\debug\main.obj
c:\users\530\desktop\school_work\studio_project_3\gr-framework\nyp_framework\base\debug\objmesh.obj
c:\users\530\desktop\school_work\studio_project_3\gr-framework\nyp_framework\base\debug\playerinfo.obj
c:\users\530\desktop\school_work\studio_project_3\gr-framework\nyp_framework\base\debug\scenetext.obj
c:\users\530\desktop\school_work\studio_project_3\gr-framework\nyp_framework\base\debug\skyboxentity.obj
c:\users\530\desktop\school_work\studio_project_3\gr-framework\nyp_framework\base\debug\sound_engine.obj
c:\users\530\desktop\school_work\studio_project_3\gr-framework\nyp_framework\base\debug\spriteentity.obj
c:\users\530\desktop\school_work\studio_project_3\gr-framework\nyp_framework\base\debug\textentity.obj
c:\users\530\desktop\school_work\studio_project_3\gr-framework\nyp_framework\base\debug\topdowncamera.obj
c:\users\530\desktop\school_work\studio_project_3\gr-framework\nyp_framework\debug\base.pdb
c:\users\530\desktop\school_work\studio_project_3\gr-framework\nyp_framework\base\debug\base.tlog\cl.command.1.tlog
c:\users\530\desktop\school_work\studio_project_3\gr-framework\nyp_framework\base\debug\base.tlog\cl.read.1.tlog
c:\users\530\desktop\school_work\studio_project_3\gr-framework\nyp_framework\base\debug\base.tlog\cl.write.1.tlog
c:\users\530\desktop\school_work\studio_project_3\gr-framework\nyp_framework\base\debug\base.tlog\link-cvtres.read.1.tlog
c:\users\530\desktop\school_work\studio_project_3\gr-framework\nyp_framework\base\debug\base.tlog\link-cvtres.write.1.tlog
c:\users\530\desktop\school_work\studio_project_3\gr-framework\nyp_framework\base\debug\base.tlog\link-rc.read.1.tlog
c:\users\530\desktop\school_work\studio_project_3\gr-framework\nyp_framework\base\debug\base.tlog\link-rc.write.1.tlog
c:\users\530\desktop\school_work\studio_project_3\gr-framework\nyp_framework\base\debug\base.tlog\link.command.1.tlog
c:\users\530\desktop\school_work\studio_project_3\gr-framework\nyp_framework\base\debug\base.tlog\link.read.1.tlog
c:\users\530\desktop\school_work\studio_project_3\gr-framework\nyp_framework\base\debug\base.tlog\link.write.1.tlog
